Build started 08/05/2015 23:37:16.
     1>Project "D:\Users\Finlay\Documents\University\Second Year\Architecture\Coursework\Lab3e\Lab3e.vcxproj" on node 2 (Build target(s)).
     1>ClCompile:
         D:\Program Files (x86)\Microsoft Visual Studio 12.0\VC\bin\CL.exe /c /I"D:\Users\Finlay\Documents\University\Second Year\Architecture\Coursework\Lab3e\\include" /ZI /nologo /W3 /WX- /Od /Oy- /D _MBCS /Gm /EHsc /RTC1 /MDd /GS /fp:precise /Zc:wchar_t /Zc:forScope /Fo"Debug\\" /Fd"Debug\vc120.pdb" /Gd /TP /analyze- /errorReport:prompt Camera.cpp Farm.cpp mandelbrot.cpp MandelbrotTask.cpp Scene3D.cpp Input.cpp Main.cpp Task.cpp timerclass.cpp TokenStream.cpp Vec3.cpp
         Vec3.cpp
         TokenStream.cpp
         timerclass.cpp
         Task.cpp
         Main.cpp
     1>d:\users\finlay\documents\university\second year\architecture\coursework\lab3e\main.cpp(87): warning C4996: 'freopen': This function or variable may be unsafe. Consider using freopen_s instead. To disable deprecation, use _CRT_SECURE_NO_WARNINGS. See online help for details.
                 d:\program files (x86)\microsoft visual studio 12.0\vc\include\stdio.h(226) : see declaration of 'freopen'
         Input.cpp
         Scene3D.cpp
         MandelbrotTask.cpp
         mandelbrot.cpp
         Farm.cpp
         Camera.cpp
     1>d:\users\finlay\documents\university\second year\architecture\coursework\lab3e\camera.cpp(27): warning C4244: 'argument' : conversion from 'double' to 'float', possible loss of data
     1>d:\users\finlay\documents\university\second year\architecture\coursework\lab3e\camera.cpp(28): warning C4244: 'argument' : conversion from 'double' to 'float', possible loss of data
     1>d:\users\finlay\documents\university\second year\architecture\coursework\lab3e\camera.cpp(29): warning C4244: 'argument' : conversion from 'double' to 'float', possible loss of data
     1>d:\users\finlay\documents\university\second year\architecture\coursework\lab3e\camera.cpp(30): warning C4244: 'argument' : conversion from 'double' to 'float', possible loss of data
     1>d:\users\finlay\documents\university\second year\architecture\coursework\lab3e\camera.cpp(31): warning C4244: 'argument' : conversion from 'double' to 'float', possible loss of data
     1>d:\users\finlay\documents\university\second year\architecture\coursework\lab3e\camera.cpp(32): warning C4244: 'argument' : conversion from 'double' to 'float', possible loss of data
         Generating Code...
       Link:
         D:\Program Files (x86)\Microsoft Visual Studio 12.0\VC\bin\link.exe /ERRORREPORT:PROMPT /OUT:"D:\Users\Finlay\Documents\University\Second Year\Architecture\Coursework\Debug\Lab3e.exe" /INCREMENTAL /NOLOGO /LIBPATH:"D:\Users\Finlay\Documents\University\Second Year\Architecture\Coursework\Lab3e\\lib" winmm.lib Msimg32.lib opengl32.lib glu32.lib SOIL.lib kernel32.lib user32.lib gdi32.lib winspool.lib comdlg32.lib advapi32.lib shell32.lib ole32.lib oleaut32.lib uuid.lib odbc32.lib odbccp32.lib /MANIFEST /MANIFESTUAC:"level='asInvoker' uiAccess='false'" /manifest:embed /DEBUG /PDB:"D:\Users\Finlay\Documents\University\Second Year\Architecture\Coursework\Debug\Lab3e.pdb" /TLBID:1 /DYNAMICBASE /NXCOMPAT /IMPLIB:"D:\Users\Finlay\Documents\University\Second Year\Architecture\Coursework\Debug\Lab3e.lib" /MACHINE:X86 Debug\Camera.obj
         Debug\Farm.obj
         Debug\mandelbrot.obj
         Debug\MandelbrotTask.obj
         Debug\Scene3D.obj
         Debug\Input.obj
         Debug\Main.obj
         Debug\Task.obj
         Debug\timerclass.obj
         Debug\TokenStream.obj
         Debug\Vec3.obj
         Lab3e.vcxproj -> D:\Users\Finlay\Documents\University\Second Year\Architecture\Coursework\Debug\Lab3e.exe
     1>Done Building Project "D:\Users\Finlay\Documents\University\Second Year\Architecture\Coursework\Lab3e\Lab3e.vcxproj" (Build target(s)).

Build succeeded.

Time Elapsed 00:00:06.66
